- 
########################
- Bienvenidx a JZork rocio!
- Por favor, elija entre las siguientes opciones:

- 1 - Iniciar Aventura
- 2 - Reglas
- 3 - Salir
- 
Por favor, seleccione alguna de las Aventuras:
- 1 - Aventura 1
- 2 - Aventura 2
- 3 - Volver al menu inicial
- 
########################
-      Testing
- ########################

- Descripcion de prueba
- 
########################
-      Testing
- ########################

- Descripcion de prueba
- 
- ########################
-      muelle
- ########################
- 
- Es un fucking muelle, hay un gato gordo tirado en el piso. Al sur puedes ver una tabernapero entre el muelle y la taberna hay.... un Alf?.
- En el piso hay un palo de madera.
- Objetos: gato - palo - Alf - null - 
- sur
- Alf no te esta dejando pasar, parece hambiento.
